0 info it worked if it ends with ok
1 verbose cli [ 'C:\\Program Files\\nodejs\\\\node.exe',
1 verbose cli   'C:\\Program Files\\nodejs\\node_modules\\npm\\bin\\npm-cli.js',
1 verbose cli   'publish' ]
2 info using npm@2.5.1
3 info using node@v0.12.0
4 verbose node symlink C:\Program Files\nodejs\\node.exe
5 verbose publish [ '.' ]
6 silly cache add args [ '.', null ]
7 verbose cache add spec .
8 silly cache add parsed spec { raw: '.',
8 silly cache add   scope: null,
8 silly cache add   name: null,
8 silly cache add   rawSpec: '.',
8 silly cache add   spec: 'C:\\Users\\Laurence\\Desktop\\GitHub\\node-steam-userinfo',
8 silly cache add   type: 'directory' }
9 verbose addLocalDirectory C:\Users\Laurence\AppData\Roaming\npm-cache\steam-userinfo\1.1.0\package.tgz not in flight; packing
10 verbose tar pack [ 'C:\\Users\\Laurence\\AppData\\Roaming\\npm-cache\\steam-userinfo\\1.1.0\\package.tgz',
10 verbose tar pack   'C:\\Users\\Laurence\\Desktop\\GitHub\\node-steam-userinfo' ]
11 verbose tarball C:\Users\Laurence\AppData\Roaming\npm-cache\steam-userinfo\1.1.0\package.tgz
12 verbose folder C:\Users\Laurence\Desktop\GitHub\node-steam-userinfo
13 info prepublish steam-userinfo@1.1.0
14 verbose addLocalTarball adding from inside cache C:\Users\Laurence\AppData\Roaming\npm-cache\steam-userinfo\1.1.0\package.tgz
15 silly cache afterAdd steam-userinfo@1.1.0
16 verbose afterAdd C:\Users\Laurence\AppData\Roaming\npm-cache\steam-userinfo\1.1.0\package\package.json not in flight; writing
17 verbose afterAdd C:\Users\Laurence\AppData\Roaming\npm-cache\steam-userinfo\1.1.0\package\package.json written
18 silly publish { name: 'steam-userinfo',
18 silly publish   version: '1.1.0',
18 silly publish   description: 'Tiny node.js module to fetch steam user data from steamID64s',
18 silly publish   main: 'index.js',
18 silly publish   repository:
18 silly publish    { type: 'git',
18 silly publish      url: 'https://github.com/Lwatt/node-steam-userinfo.git' },
18 silly publish   keywords: [ 'steam' ],
18 silly publish   author: { name: '\'Laurence' },
18 silly publish   license: 'MIT',
18 silly publish   bugs: { url: 'https://github.com/Lwatt/node-steam-userinfo/issues' },
18 silly publish   homepage: 'https://github.com/Lwatt/node-steam-userinfo',
18 silly publish   dependencies: { cheerio: '^0.19.0', request: '^2.56.0' },
18 silly publish   readme: '# Steam User Info for Node.js\r\nTiny node.js module to fetch steam user data from steamID64s\r\n\r\nCurrently will not work\r\n',
18 silly publish   readmeFilename: 'README.md',
18 silly publish   gitHead: '89f728266d33d9cf90a221e3d6f0f152f538a0a5',
18 silly publish   _id: 'steam-userinfo@1.1.0',
18 silly publish   scripts: {},
18 silly publish   _shasum: 'a5090e1dcada505c09ae851c87898a73e897c3a7',
18 silly publish   _from: '.' }
19 silly mapToRegistry name steam-userinfo
20 silly mapToRegistry using default registry
21 silly mapToRegistry registry https://registry.npmjs.org/
22 silly mapToRegistry uri https://registry.npmjs.org/steam-userinfo
23 verbose publish registryBase https://registry.npmjs.org/
24 silly publish uploading C:\Users\Laurence\AppData\Roaming\npm-cache\steam-userinfo\1.1.0\package.tgz
25 verbose request uri https://registry.npmjs.org/steam-userinfo
26 verbose request sending authorization for write operation
27 info attempt registry request try #1 at 8:44:47 PM
28 verbose request using bearer token for auth
29 verbose request id 65a3b674d2159d53
30 http request PUT https://registry.npmjs.org/steam-userinfo
31 http 403 https://registry.npmjs.org/steam-userinfo
32 verbose headers { 'content-type': 'application/json',
32 verbose headers   'cache-control': 'max-age=60',
32 verbose headers   'content-length': '95',
32 verbose headers   'accept-ranges': 'bytes',
32 verbose headers   date: 'Fri, 29 May 2015 19:44:41 GMT',
32 verbose headers   via: '1.1 varnish',
32 verbose headers   connection: 'keep-alive',
32 verbose headers   'x-served-by': 'cache-lcy1126-LCY',
32 verbose headers   'x-cache': 'MISS',
32 verbose headers   'x-cache-hits': '0',
32 verbose headers   'x-timer': 'S1432928681.183369,VS0,VE672' }
33 verbose request invalidating C:\Users\Laurence\AppData\Roaming\npm-cache\registry.npmjs.org\steam-userinfo on PUT
34 error publish Failed PUT 403
35 verbose stack Error: "You cannot publish over the previously published version 1.1.0." : steam-userinfo
35 verbose stack     at CachingRegistryClient.<anonymous> (C:\Program Files\nodejs\node_modules\npm\node_modules\npm-registry-client\lib\request.js:254:14)
35 verbose stack     at Request._callback (C:\Program Files\nodejs\node_modules\npm\node_modules\npm-registry-client\lib\request.js:178:14)
35 verbose stack     at Request.self.callback (C:\Program Files\nodejs\node_modules\npm\node_modules\request\request.js:344:22)
35 verbose stack     at Request.emit (events.js:110:17)
35 verbose stack     at Request.<anonymous> (C:\Program Files\nodejs\node_modules\npm\node_modules\request\request.js:1239:14)
35 verbose stack     at Request.emit (events.js:129:20)
35 verbose stack     at IncomingMessage.<anonymous> (C:\Program Files\nodejs\node_modules\npm\node_modules\request\request.js:1187:12)
35 verbose stack     at IncomingMessage.emit (events.js:129:20)
35 verbose stack     at _stream_readable.js:908:16
35 verbose stack     at process._tickCallback (node.js:355:11)
36 verbose statusCode 403
37 verbose pkgid steam-userinfo
38 verbose cwd C:\Users\Laurence\Desktop\GitHub\node-steam-userinfo
39 error Windows_NT 6.1.7601
40 error argv "C:\\Program Files\\nodejs\\\\node.exe" "C:\\Program Files\\nodejs\\node_modules\\npm\\bin\\npm-cli.js" "publish"
41 error node v0.12.0
42 error npm  v2.5.1
43 error code E403
44 error "You cannot publish over the previously published version 1.1.0." : steam-userinfo
45 error If you need help, you may report this error at:
45 error     <http://github.com/npm/npm/issues>
46 verbose exit [ 1, true ]
